######### Combined HHT Logs #########

------ START hlt_006_d7_s1_t0_5hz_alpha_pupilMM_raw.log ------
Loaded real pupil file: ../../analysis/data/raw/Files for Aous/hlt_006_d7_s1_t0_5hz_alpha_pupilMM_raw.csv
Stimulus condition inferred from filename: 5Hz
Estimated sampling rate: 117.550 Hz
Post-stimulus duration: 8.989 s (n=892 samples)
IMF  MeanFreq(Hz)  RelEnergy   Class
  1      32.319       0.012   noise
  2      15.117       0.004   noise
  3       5.215       0.007   noise
  4       2.111       0.008   physio
  5       0.847       0.021   physio
  6       0.205       0.947   physio
  7       0.006       0.998   baseline

Band powers
-----------
VLF          :   0.000000
LF           :   0.000000
MF           :   0.036504
HF           :   0.000822

Band ratios
-----------
LF_HF        :   0.000000
MF_HF        :  44.417366
VLF_LF       :        nan
LFplusMF_HF  :  44.417366


############ AROUSAL TRIAL SIMULATION ############

=== One-way ANOVA: low vs high arousal per feature ===
VLF_power     F =   0.451, p =  5.038e-01
LF_power      F =   4.056, p =  4.747e-02
MF_power      F =   0.004, p =  9.494e-01
HF_power      F =  68.840, p =  2.499e-12
LF_HF         F =   0.111, p =  7.402e-01
MF_HF         F =  15.926, p =  1.477e-04
VLF_LF        F =   0.156, p =  6.943e-01
LFplusMF_HF   F =  16.485, p =  1.157e-04

=== IMF-Level Arousal Effects (ANOVA + Effect Sizes + FDR) ===
IMF           F             p        q(FDR)         d      Mean Low     Mean High
1      5212.710     3.406e-73     3.747e-72   -16.144       20.6655       34.7837
2      1278.129     3.972e-50     2.184e-49    -7.994        7.5629       12.5896
3       716.189     4.688e-41     1.719e-40    -5.984        4.1237        6.8122
4       267.390     6.399e-27     1.760e-26    -3.656        2.3221        3.8282
5        13.879     3.670e-04     6.728e-04    -0.833        1.5293        2.7700
6        68.840     2.499e-12     5.499e-12    -1.855       24.9350       43.0412
7         0.527     4.700e-01     6.976e-01    -0.162      139.2436      142.7228
8         0.364     5.481e-01     6.976e-01    -0.135       44.4144       48.1956
9         0.152     6.976e-01     6.976e-01    -0.087       27.0010       28.7845
10        0.212     6.462e-01     6.976e-01     0.103    52852.4081    47096.7801
11        0.185     6.682e-01     6.976e-01    -0.096    58557.3889    63949.8413

=== Logistic regression arousal classifier ===
Test accuracy: 0.917

Feature coefficients (positive => higher in high arousal):
HF_power    :  2.227
MF_power    :  1.419
LF_power    :  0.736
VLF_LF      :  0.495
LF_HF       : -0.323
VLF_power   : -0.270
LFplusMF_HF : -0.248
MF_HF       : -0.182

------ END hlt_006_d7_s1_t0_5hz_alpha_pupilMM_raw.log ------

------ START hlt_007_d7_s1_t60_250Hz_alpha_pupilMM_raw.log ------
Loaded real pupil file: ../../analysis/data/raw/Files for Aous/hlt_007_d7_s1_t60_250Hz_alpha_pupilMM_raw.csv
Stimulus condition inferred from filename: 250Hz
Estimated sampling rate: 117.550 Hz
Post-stimulus duration: 9.011 s (n=894 samples)
IMF  MeanFreq(Hz)  RelEnergy   Class
  1      37.386       0.004   noise
  2      15.063       0.002   noise
  3       5.022       0.007   noise
  4       1.264       0.191   physio
  5       0.582       0.251   physio
  6       0.214       0.545   physio
  7       0.001       1.000   baseline

Band powers
-----------
VLF          :   0.000000
LF           :   0.000000
MF           :   0.002691
HF           :   0.002183

Band ratios
-----------
LF_HF        :   0.000000
MF_HF        :   1.232994
VLF_LF       :        nan
LFplusMF_HF  :   1.232994


############ AROUSAL TRIAL SIMULATION ############

=== One-way ANOVA: low vs high arousal per feature ===
VLF_power     F =   0.451, p =  5.038e-01
LF_power      F =   4.056, p =  4.747e-02
MF_power      F =   0.004, p =  9.494e-01
HF_power      F =  68.840, p =  2.499e-12
LF_HF         F =   0.111, p =  7.402e-01
MF_HF         F =  15.926, p =  1.477e-04
VLF_LF        F =   0.156, p =  6.943e-01
LFplusMF_HF   F =  16.485, p =  1.157e-04

=== IMF-Level Arousal Effects (ANOVA + Effect Sizes + FDR) ===
IMF           F             p        q(FDR)         d      Mean Low     Mean High
1      5212.710     3.406e-73     3.747e-72   -16.144       20.6655       34.7837
2      1278.129     3.972e-50     2.184e-49    -7.994        7.5629       12.5896
3       716.189     4.688e-41     1.719e-40    -5.984        4.1237        6.8122
4       267.390     6.399e-27     1.760e-26    -3.656        2.3221        3.8282
5        13.879     3.670e-04     6.728e-04    -0.833        1.5293        2.7700
6        68.840     2.499e-12     5.499e-12    -1.855       24.9350       43.0412
7         0.527     4.700e-01     6.976e-01    -0.162      139.2436      142.7228
8         0.364     5.481e-01     6.976e-01    -0.135       44.4144       48.1956
9         0.152     6.976e-01     6.976e-01    -0.087       27.0010       28.7845
10        0.212     6.462e-01     6.976e-01     0.103    52852.4081    47096.7801
11        0.185     6.682e-01     6.976e-01    -0.096    58557.3889    63949.8413

=== Logistic regression arousal classifier ===
Test accuracy: 0.917

Feature coefficients (positive => higher in high arousal):
HF_power    :  2.227
MF_power    :  1.419
LF_power    :  0.736
VLF_LF      :  0.495
LF_HF       : -0.323
VLF_power   : -0.270
LFplusMF_HF : -0.248
MF_HF       : -0.182

------ END hlt_007_d7_s1_t60_250Hz_alpha_pupilMM_raw.log ------

------ START hlt_008_d1_s1_t60_250Hz_alpha_pupilMM_raw.log ------
Loaded real pupil file: ../../analysis/data/raw/Files for Aous/hlt_008_d1_s1_t60_250Hz_alpha_pupilMM_raw.csv
Stimulus condition inferred from filename: 250Hz
Estimated sampling rate: 119.133 Hz
Post-stimulus duration: 9.000 s (n=893 samples)
IMF  MeanFreq(Hz)  RelEnergy   Class
  1      31.496       0.030   noise
  2      15.036       0.010   noise
  3       5.403       0.006   noise
  4       1.041       0.072   physio
  5       0.234       0.882   physio
  6       0.006       0.998   baseline

Band powers
-----------
VLF          :   0.000000
LF           :   0.000000
MF           :   0.036251
HF           :   0.002976

Band ratios
-----------
LF_HF        :   0.000000
MF_HF        :  12.182141
VLF_LF       :        nan
LFplusMF_HF  :  12.182141


############ AROUSAL TRIAL SIMULATION ############

=== One-way ANOVA: low vs high arousal per feature ===
VLF_power     F =   1.750, p =  1.897e-01
LF_power      F =   3.054, p =  8.449e-02
MF_power      F =   4.827, p =  3.099e-02
HF_power      F =  58.018, p =  5.176e-11
LF_HF         F =   0.227, p =  6.350e-01
MF_HF         F =   8.714, p =  4.169e-03
VLF_LF        F =   3.281, p =  7.395e-02
LFplusMF_HF   F =   8.995, p =  3.632e-03

=== IMF-Level Arousal Effects (ANOVA + Effect Sizes + FDR) ===
IMF           F             p        q(FDR)         d      Mean Low     Mean High
1      5881.790     3.273e-75     3.928e-74   -17.149       20.8956       35.2640
2      1207.045     3.248e-49     1.949e-48    -7.769        7.7047       12.7719
3       589.213     4.228e-38     1.691e-37    -5.428        4.2861        6.8873
4       458.145     2.175e-34     6.524e-34    -4.786        2.3214        3.9213
5        10.687     1.606e-03     3.213e-03    -0.731        1.6296        2.4047
6        60.052     2.874e-11     6.898e-11    -1.733       26.1980       40.0032
7         0.214     6.450e-01     7.036e-01    -0.103      142.0109      144.6237
8         9.786     2.473e-03     4.239e-03    -0.699       35.6966       53.5156
9         0.128     7.218e-01     7.218e-01    -0.080       26.6188       28.3925
10        4.374     3.974e-02     5.961e-02     0.468    59163.2608    33654.7836
11        3.300     7.314e-02     9.752e-02    -0.406    53591.1456    76043.9074
12        1.000     3.204e-01     3.845e-01    -0.224        0.0000     2830.9251

=== Logistic regression arousal classifier ===
Test accuracy: 0.875

Feature coefficients (positive => higher in high arousal):
MF_power    :  1.667
HF_power    :  1.656
LF_power    :  0.595
MF_HF       : -0.327
LFplusMF_HF : -0.301
LF_HF       :  0.092
VLF_power   :  0.052
VLF_LF      : -0.041

------ END hlt_008_d1_s1_t60_250Hz_alpha_pupilMM_raw.log ------

------ START hlt_011_d1_s1_t0_250Hz_alpha_pupilMM_raw.log ------
Loaded real pupil file: ../../analysis/data/raw/Files for Aous/hlt_011_d1_s1_t0_250Hz_alpha_pupilMM_raw.csv
Stimulus condition inferred from filename: 250Hz
Estimated sampling rate: 116.353 Hz
Post-stimulus duration: 8.987 s (n=891 samples)
IMF  MeanFreq(Hz)  RelEnergy   Class
  1      35.502       0.004   noise
  2      15.728       0.001   noise
  3       6.097       0.001   noise
  4       1.328       0.066   physio
  5       0.646       0.119   physio
  6       0.167       0.808   physio
  7       0.007       0.997   baseline

Band powers
-----------
VLF          :   0.000000
LF           :   0.000000
MF           :   0.044912
HF           :   0.010296

Band ratios
-----------
LF_HF        :   0.000000
MF_HF        :   4.362014
VLF_LF       :        nan
LFplusMF_HF  :   4.362014


############ AROUSAL TRIAL SIMULATION ############

=== One-way ANOVA: low vs high arousal per feature ===
VLF_power     F =   0.105, p =  7.473e-01
LF_power      F =   2.449, p =  1.217e-01
MF_power      F =   0.721, p =  3.983e-01
HF_power      F =  48.383, p =  9.561e-10
LF_HF         F =   1.392, p =  2.416e-01
MF_HF         F =  18.634, p =  4.605e-05
VLF_LF        F =   3.283, p =  7.385e-02
LFplusMF_HF   F =  17.705, p =  6.837e-05

=== IMF-Level Arousal Effects (ANOVA + Effect Sizes + FDR) ===
IMF           F             p        q(FDR)         d      Mean Low     Mean High
1      5765.160     7.076e-75     7.783e-74   -16.978       20.4697       34.5071
2      1419.928     8.191e-52     4.505e-51    -8.426        7.5731       12.3363
3       758.281     6.240e-42     2.288e-41    -6.157        4.0160        6.7919
4       386.525     5.911e-32     1.626e-31    -4.396        2.2595        3.7497
5        17.080     8.941e-05     1.639e-04    -0.924        1.6162        2.7696
6        48.383     9.561e-10     2.103e-09    -1.555       26.4706       42.5889
7         0.441     5.087e-01     6.995e-01    -0.148      141.0419      144.2313
8         2.221     1.402e-01     2.203e-01    -0.333       37.7935       47.4952
9         0.057     8.124e-01     8.124e-01    -0.053       24.9624       26.0338
10        0.190     6.638e-01     7.302e-01    -0.098    38640.4982    43894.2345
11        0.232     6.315e-01     7.302e-01     0.108    71696.0081    65894.1307

=== Logistic regression arousal classifier ===
Test accuracy: 0.875

Feature coefficients (positive => higher in high arousal):
MF_power    :  1.933
HF_power    :  1.240
LFplusMF_HF : -0.763
MF_HF       : -0.749
LF_power    :  0.652
VLF_power   :  0.401
VLF_LF      : -0.267
LF_HF       : -0.166

------ END hlt_011_d1_s1_t0_250Hz_alpha_pupilMM_raw.log ------

------ START hlt_011_d1_s1_t60_2000Hz_alpha_pupilMM_raw.log ------
Loaded real pupil file: ../../analysis/data/raw/Files for Aous/hlt_011_d1_s1_t60_2000Hz_alpha_pupilMM_raw.csv
Stimulus condition inferred from filename: 2000Hz
Estimated sampling rate: 116.782 Hz
Post-stimulus duration: 8.990 s (n=893 samples)
IMF  MeanFreq(Hz)  RelEnergy   Class
  1      35.098       0.004   noise
  2      14.870       0.003   noise
  3       3.624       0.009   noise
  4       1.672       0.017   physio
  5       0.468       0.338   physio
  6       0.259       0.506   physio
  7       0.124       0.123   physio
  8       0.003       0.999   baseline

Band powers
-----------
VLF          :   0.000000
LF           :   0.003355
MF           :   0.013834
HF           :   0.009256

Band ratios
-----------
LF_HF        :   0.362471
MF_HF        :   1.494581
VLF_LF       :   0.000000
LFplusMF_HF  :   1.857053


############ AROUSAL TRIAL SIMULATION ############

=== One-way ANOVA: low vs high arousal per feature ===
VLF_power     F =   0.005, p =  9.453e-01
LF_power      F =   1.597, p =  2.101e-01
MF_power      F =   0.001, p =  9.726e-01
HF_power      F =  96.241, p =  2.924e-15
LF_HF         F =   1.862, p =  1.763e-01
MF_HF         F =  19.509, p =  3.186e-05
VLF_LF        F =   0.102, p =  7.504e-01
LFplusMF_HF   F =  22.257, p =  1.029e-05

=== IMF-Level Arousal Effects (ANOVA + Effect Sizes + FDR) ===
IMF           F             p        q(FDR)         d      Mean Low     Mean High
1      6107.031     7.701e-76     9.241e-75   -17.474       20.5126       34.6622
2      1506.722     9.093e-53     5.456e-52    -8.680        7.5402       12.3906
3       667.880     5.438e-40     2.175e-39    -5.779        4.0882        6.7300
4       289.187     5.834e-28     1.750e-27    -3.803        2.3146        3.8102
5        27.533     1.293e-06     2.586e-06    -1.173        1.4157        2.6505
6        68.045     3.098e-12     7.435e-12    -1.845       25.1016       42.1836
7         2.714     1.035e-01     1.552e-01     0.368      145.3393      138.0289
8         5.048     2.749e-02     4.712e-02    -0.502       35.0785       47.8320
9         1.058     3.069e-01     3.845e-01     0.230       27.1167       23.0380
10        0.239     6.264e-01     6.834e-01     0.109    41482.9345    35678.1628
11        0.042     8.374e-01     8.374e-01    -0.046    69236.1586    71713.4770
12        1.000     3.204e-01     3.845e-01    -0.224        0.0000     2736.9071

=== Logistic regression arousal classifier ===
Test accuracy: 1.000

Feature coefficients (positive => higher in high arousal):
HF_power    :  2.523
MF_power    :  1.281
LF_power    :  0.679
LF_HF       : -0.218
LFplusMF_HF : -0.086
MF_HF       : -0.045
VLF_LF      :  0.034
VLF_power   :  0.007

------ END hlt_011_d1_s1_t60_2000Hz_alpha_pupilMM_raw.log ------

------ START hlt_012_d7_s1_t0_5hz_alpha_pupilMM_raw.log ------
Loaded real pupil file: ../../analysis/data/raw/Files for Aous/hlt_012_d7_s1_t0_5hz_alpha_pupilMM_raw.csv
Stimulus condition inferred from filename: 5Hz
Estimated sampling rate: 118.680 Hz
Post-stimulus duration: 9.016 s (n=895 samples)
IMF  MeanFreq(Hz)  RelEnergy   Class
  1      34.754       0.002   noise
  2      16.687       0.001   noise
  3       6.623       0.000   noise
  4       1.438       0.011   physio
  5       0.866       0.023   physio
  6       0.233       0.963   physio
  7       0.014       0.998   baseline

Band powers
-----------
VLF          :  24.390870
LF           :   0.000000
MF           :   0.036627
HF           :   0.001297

Band ratios
-----------
LF_HF        :   0.000000
MF_HF        :  28.233914
VLF_LF       :        nan
LFplusMF_HF  :  28.233914


############ AROUSAL TRIAL SIMULATION ############

=== One-way ANOVA: low vs high arousal per feature ===
VLF_power     F =   0.781, p =  3.796e-01
LF_power      F =   3.085, p =  8.293e-02
MF_power      F =   2.726, p =  1.027e-01
HF_power      F =  72.622, p =  9.147e-13
LF_HF         F =   0.106, p =  7.452e-01
MF_HF         F =  24.682, p =  3.906e-06
VLF_LF        F =   0.508, p =  4.782e-01
LFplusMF_HF   F =  24.859, p =  3.643e-06

=== IMF-Level Arousal Effects (ANOVA + Effect Sizes + FDR) ===
IMF           F             p        q(FDR)         d      Mean Low     Mean High
1      6352.825     1.684e-76     2.021e-75   -17.822       20.7932       35.0276
2      1273.991     4.475e-50     2.685e-49    -7.981        7.7050       12.6827
3       584.439     5.597e-38     2.239e-37    -5.406        4.2038        6.8715
4       358.762     6.580e-31     1.974e-30    -4.235        2.3309        3.8493
5        30.485     4.261e-07     8.522e-07    -1.235        1.4832        2.3922
6        72.622     9.147e-13     2.195e-12    -1.906       25.9439       43.1869
7         1.885     1.737e-01     2.084e-01    -0.307      138.2927      146.3444
8         0.881     3.508e-01     3.508e-01    -0.210       40.1422       45.4753
9         2.531     1.157e-01     1.543e-01     0.356       29.7993       24.0354
10       15.220     2.016e-04     3.023e-04     0.872    56201.7938    14103.7456
11       17.196     8.506e-05     1.458e-04    -0.927    53489.1702    98238.8153
12        1.000     3.204e-01     3.495e-01     0.224     2847.3076        0.0000

=== Logistic regression arousal classifier ===
Test accuracy: 0.917

Feature coefficients (positive => higher in high arousal):
MF_power    :  1.647
HF_power    :  1.286
MF_HF       : -0.667
LFplusMF_HF : -0.639
LF_power    :  0.535
VLF_LF      :  0.514
VLF_power   : -0.093
LF_HF       :  0.072

------ END hlt_012_d7_s1_t0_5hz_alpha_pupilMM_raw.log ------

------ START hlt_012_d7_s1_t60_5hz_alpha_pupilMM_raw.log ------
Loaded real pupil file: ../../analysis/data/raw/Files for Aous/hlt_012_d7_s1_t60_5hz_alpha_pupilMM_raw.csv
Stimulus condition inferred from filename: 5Hz
Estimated sampling rate: 117.689 Hz
Post-stimulus duration: 9.008 s (n=893 samples)
IMF  MeanFreq(Hz)  RelEnergy   Class
  1      35.448       0.000   noise
  2      17.383       0.000   noise
  3       5.844       0.000   noise
  4       0.364       0.594   physio
  5       0.191       0.405   physio
  6       0.001       0.995   baseline

Band powers
-----------
VLF          :   0.000000
LF           :   0.000000
MF           :   0.105770
HF           :   0.000000

Band ratios
-----------
LF_HF        :        nan
MF_HF        :        nan
VLF_LF       :        nan
LFplusMF_HF  :        nan


############ AROUSAL TRIAL SIMULATION ############

=== One-way ANOVA: low vs high arousal per feature ===
VLF_power     F =   0.012, p =  9.139e-01
LF_power      F =   0.670, p =  4.157e-01
MF_power      F =   1.479, p =  2.276e-01
HF_power      F = 106.918, p =  2.813e-16
LF_HF         F =   4.064, p =  4.726e-02
MF_HF         F =  25.193, p =  3.195e-06
VLF_LF        F =   1.524, p =  2.208e-01
LFplusMF_HF   F =  20.924, p =  1.772e-05

=== IMF-Level Arousal Effects (ANOVA + Effect Sizes + FDR) ===
IMF           F             p        q(FDR)         d      Mean Low     Mean High
1      5434.798     6.850e-74     7.535e-73   -16.485       20.7128       34.8584
2      1140.087     2.623e-48     1.442e-47    -7.550        7.5822       12.5937
3       548.243     5.027e-37     1.843e-36    -5.236        4.1118        6.8131
4       331.251     8.380e-30     2.305e-29    -4.070        2.3366        3.7944
5        20.604     2.022e-05     3.707e-05    -1.015        1.4493        2.5599
6       106.918     2.813e-16     6.188e-16    -2.312       24.4716       42.0143
7         0.046     8.305e-01     8.305e-01     0.048      143.7105      142.4504
8         0.567     4.537e-01     5.545e-01    -0.168       42.3428       46.8401
9         0.049     8.254e-01     8.305e-01     0.050       29.0418       27.9386
10        1.331     2.521e-01     3.552e-01     0.258    50119.1243    36088.0500
11        1.297     2.583e-01     3.552e-01    -0.255    61297.2018    75179.3647

=== Logistic regression arousal classifier ===
Test accuracy: 0.917

Feature coefficients (positive => higher in high arousal):
HF_power    :  2.045
MF_power    :  0.962
MF_HF       : -0.688
LFplusMF_HF : -0.534
VLF_power   : -0.346
VLF_LF      : -0.316
LF_HF       : -0.132
LF_power    : -0.077

------ END hlt_012_d7_s1_t60_5hz_alpha_pupilMM_raw.log ------

------ START hlt_020_d1_s1_t60_250Hz_alpha_pupilMM_raw.log ------
Loaded real pupil file: ../../analysis/data/raw/Files for Aous/hlt_020_d1_s1_t60_250Hz_alpha_pupilMM_raw.csv
Stimulus condition inferred from filename: 250Hz
Estimated sampling rate: 122.526 Hz
Post-stimulus duration: 9.007 s (n=894 samples)
IMF  MeanFreq(Hz)  RelEnergy   Class
  1      34.361       0.013   noise
  2      14.499       0.008   noise
  3       4.929       0.007   noise
  4       1.503       0.115   physio
  5       0.466       0.591   physio
  6       0.231       0.266   physio
  7       0.002       0.999   baseline

Band powers
-----------
VLF          :   0.000000
LF           :   0.000000
MF           :   0.004533
HF           :   0.010084

Band ratios
-----------
LF_HF        :   0.000000
MF_HF        :   0.449500
VLF_LF       :        nan
LFplusMF_HF  :   0.449500


############ AROUSAL TRIAL SIMULATION ############

=== One-way ANOVA: low vs high arousal per feature ===
VLF_power     F =   0.319, p =  5.738e-01
LF_power      F =   0.658, p =  4.197e-01
MF_power      F =   3.213, p =  7.695e-02
HF_power      F =  41.644, p =  8.472e-09
LF_HF         F =   0.922, p =  3.398e-01
MF_HF         F =  13.985, p =  3.499e-04
VLF_LF        F =   0.389, p =  5.344e-01
LFplusMF_HF   F =  14.758, p =  2.475e-04

=== IMF-Level Arousal Effects (ANOVA + Effect Sizes + FDR) ===
IMF           F             p        q(FDR)         d      Mean Low     Mean High
1      5243.641     2.714e-73     2.985e-72   -16.192       21.5633       36.2397
2      1588.281     1.283e-53     7.055e-53    -8.911        8.0196       13.1036
3       680.635     2.804e-40     1.028e-39    -5.834        4.2590        7.0463
4       325.226     1.497e-29     4.117e-29    -4.033        2.3839        3.9620
5        43.035     5.344e-09     9.796e-09    -1.467        1.4149        2.4887
6        59.892     3.010e-11     6.621e-11    -1.730       25.2145       40.6300
7         0.186     6.674e-01     6.674e-01    -0.096      143.6367      146.4743
8         2.433     1.228e-01     1.930e-01    -0.349       47.2782       57.2410
9         0.237     6.278e-01     6.674e-01     0.109       25.5227       23.4909
10        0.521     4.727e-01     6.064e-01     0.161    40683.8369    31922.6707
11        0.467     4.962e-01     6.064e-01    -0.153    75582.4063    83881.0182

=== Logistic regression arousal classifier ===
Test accuracy: 0.833

Feature coefficients (positive => higher in high arousal):
MF_power    :  1.538
HF_power    :  1.198
LF_power    :  0.965
LFplusMF_HF : -0.598
MF_HF       : -0.526
LF_HF       : -0.371
VLF_power   :  0.084
VLF_LF      :  0.020

------ END hlt_020_d1_s1_t60_250Hz_alpha_pupilMM_raw.log ------

------ START hlt_stimulus_9r1b2_s9_9_5hz_1500ua_alpha_pupilMM_raw_20251031.log ------
Loaded real pupil file: ../../analysis/data/raw/Files for Aous/hlt_stimulus_9r1b2_s9_9_5hz_1500ua_alpha_pupilMM_raw_20251031.csv
Stimulus condition inferred from filename: 5Hz
Estimated sampling rate: 98.595 Hz
Post-stimulus duration: 9.034 s (n=896 samples)
IMF  MeanFreq(Hz)  RelEnergy   Class
  1      25.200       0.001   noise
  2      11.565       0.001   noise
  3       1.445       0.084   physio
  4       0.581       0.235   physio
  5       0.236       0.679   physio
  6       0.011       1.000   baseline

Band powers
-----------
VLF          :  20.550758
LF           :   0.000000
MF           :   0.006517
HF           :   0.003056

Band ratios
-----------
LF_HF        :   0.000000
MF_HF        :   2.132274
VLF_LF       :        nan
LFplusMF_HF  :   2.132274


############ AROUSAL TRIAL SIMULATION ############

=== One-way ANOVA: low vs high arousal per feature ===
VLF_power     F =   0.020, p =  8.869e-01
LF_power      F =   6.723, p =  1.136e-02
MF_power      F =   0.001, p =  9.768e-01
HF_power      F =  23.663, p =  5.847e-06
LF_HF         F =   0.132, p =  7.173e-01
MF_HF         F =   4.116, p =  4.590e-02
VLF_LF        F =   8.038, p =  5.831e-03
LFplusMF_HF   F =   3.974, p =  4.970e-02

=== IMF-Level Arousal Effects (ANOVA + Effect Sizes + FDR) ===
IMF           F             p        q(FDR)         d      Mean Low     Mean High
1      4557.836     5.899e-71     6.489e-70   -15.096       17.5083       29.3487
2      1468.857     2.337e-52     1.285e-51    -8.570        6.3728       10.6545
3       621.551     6.656e-39     2.441e-38    -5.575        3.4793        5.7198
4       313.346     4.822e-29     1.326e-28    -3.958        1.9287        3.0751
5         0.248     6.201e-01     6.821e-01    -0.111        3.1538        3.4100
6        17.794     6.580e-05     1.448e-04    -0.943       32.4496       43.2638
7         0.984     3.242e-01     4.458e-01    -0.222      112.8931      116.4848
8         5.018     2.794e-02     5.121e-02    -0.501       14.3547       19.1415
9         0.998     3.208e-01     4.458e-01     0.223     2379.1120       29.6195
10        0.255     6.152e-01     6.821e-01    -0.113    72364.4965    76612.7449
11        0.082     7.754e-01     7.754e-01     0.064    18654.3280    16296.5558

=== Logistic regression arousal classifier ===
Test accuracy: 0.792

Feature coefficients (positive => higher in high arousal):
LF_power    :  1.059
HF_power    :  0.971
LF_HF       : -0.820
MF_power    :  0.481
VLF_LF      : -0.449
VLF_power   :  0.264
LFplusMF_HF : -0.148
MF_HF       : -0.013

------ END hlt_stimulus_9r1b2_s9_9_5hz_1500ua_alpha_pupilMM_raw_20251031.log ------

------ START hlt_stimulus_9r1b6_s6_4_2000hz_3000ua_alpha_pupilMM_raw_20251103.log ------
Loaded real pupil file: ../../analysis/data/raw/Files for Aous/hlt_stimulus_9r1b6_s6_4_2000hz_3000ua_alpha_pupilMM_raw_20251103.csv
Stimulus condition inferred from filename: 2000Hz
Estimated sampling rate: 97.905 Hz
Post-stimulus duration: 7.850 s (n=779 samples)
IMF  MeanFreq(Hz)  RelEnergy   Class
  1      29.808       0.001   noise
  2      11.598       0.000   noise
  3       1.112       0.057   physio
  4       0.586       0.337   physio
  5       0.295       0.604   physio
  6       0.020       0.998   baseline

Band powers
-----------
VLF          :  16.123756
LF           :   0.000000
MF           :   0.021784
HF           :   0.014212

Band ratios
-----------
LF_HF        :   0.000000
MF_HF        :   1.532780
VLF_LF       :        nan
LFplusMF_HF  :   1.532780


############ AROUSAL TRIAL SIMULATION ############

=== One-way ANOVA: low vs high arousal per feature ===
VLF_power     F =   0.449, p =  5.046e-01
LF_power      F =   8.667, p =  4.267e-03
MF_power      F =   0.010, p =  9.199e-01
HF_power      F =  65.294, p =  6.572e-12
LF_HF         F =   0.932, p =  3.374e-01
MF_HF         F =   8.709, p =  4.179e-03
VLF_LF        F =   4.899, p =  2.979e-02
LFplusMF_HF   F =   8.065, p =  5.754e-03

=== IMF-Level Arousal Effects (ANOVA + Effect Sizes + FDR) ===
IMF           F             p        q(FDR)         d      Mean Low     Mean High
1      4911.482     3.352e-72     3.688e-71   -15.671       17.3589       29.1756
2      1278.240     3.959e-50     2.178e-49    -7.994        6.3346       10.5279
3       530.294     1.566e-36     5.742e-36    -5.149        3.4497        5.6622
4       525.253     2.168e-36     5.961e-36    -5.125        1.8718        3.1284
5        10.037     2.191e-03     4.017e-03    -0.708        1.9434        3.4578
6        28.156     1.020e-06     2.244e-06    -1.187       28.3021       45.4162
7         0.033     8.571e-01     8.571e-01     0.040      114.4650      113.8027
8         6.931     1.021e-02     1.605e-02    -0.589       15.0230       21.3614
9         0.386     5.364e-01     5.901e-01    -0.139       29.0111       30.9409
10        1.319     2.543e-01     3.334e-01     0.257    78607.1298    69086.5704
11        1.220     2.728e-01     3.334e-01    -0.247    13965.1153    23184.2434

=== Logistic regression arousal classifier ===
Test accuracy: 0.792

Feature coefficients (positive => higher in high arousal):
HF_power    :  2.088
MF_power    :  1.138
VLF_LF      : -0.717
LF_power    :  0.700
LFplusMF_HF : -0.683
MF_HF       : -0.659
VLF_power   :  0.624
LF_HF       : -0.580

------ END hlt_stimulus_9r1b6_s6_4_2000hz_3000ua_alpha_pupilMM_raw_20251103.log ------

------ START hlt_stimulus_ncs1_s1-2_2000hz_1500ua_alpha_pupilMM_raw_20251022.log ------
Loaded real pupil file: ../../analysis/data/raw/Files for Aous/hlt_stimulus_ncs1_s1-2_2000hz_1500ua_alpha_pupilMM_raw_20251022.csv
Stimulus condition inferred from filename: 2000Hz
Estimated sampling rate: 98.135 Hz
Post-stimulus duration: 9.053 s (n=899 samples)
IMF  MeanFreq(Hz)  RelEnergy   Class
  1      27.119       0.001   noise
  2      11.848       0.001   noise
  3       3.333       0.002   noise
  4       0.800       0.136   physio
  5       0.371       0.320   physio
  6       0.076       0.541   physio
  7       0.003       0.999   baseline

Band powers
-----------
VLF          :   0.000000
LF           :   0.007588
MF           :   0.004488
HF           :   0.001905

Band ratios
-----------
LF_HF        :   3.983938
MF_HF        :   2.356421
VLF_LF       :   0.000000
LFplusMF_HF  :   6.340359


############ AROUSAL TRIAL SIMULATION ############

=== One-way ANOVA: low vs high arousal per feature ===
VLF_power     F =   0.733, p =  3.944e-01
LF_power      F =   3.338, p =  7.154e-02
MF_power      F =   1.585, p =  2.118e-01
HF_power      F =  39.520, p =  1.731e-08
LF_HF         F =   0.001, p =  9.784e-01
MF_HF         F =   0.176, p =  6.758e-01
VLF_LF        F =   0.944, p =  3.343e-01
LFplusMF_HF   F =   0.140, p =  7.091e-01

=== IMF-Level Arousal Effects (ANOVA + Effect Sizes + FDR) ===
IMF           F             p        q(FDR)         d      Mean Low     Mean High
1      5323.829     1.514e-73     1.666e-72   -16.315       17.4106       29.2187
2      1176.967     8.187e-49     4.503e-48    -7.671        6.3740       10.5216
3       929.541     4.325e-45     1.586e-44    -6.817        3.4209        5.7313
4       447.184     4.875e-34     1.341e-33    -4.729        1.8921        3.0987
5         9.061     3.516e-03     6.447e-03    -0.673        2.1740        3.4386
6        84.391     4.694e-14     1.033e-13    -2.054       27.0013       44.3690
7         1.511     2.227e-01     3.062e-01    -0.275      110.7969      115.0644
8         2.415     1.242e-01     1.952e-01    -0.348       15.7479       19.6510
9         0.586     4.461e-01     5.452e-01    -0.171       24.5479       26.5610
10        0.002     9.642e-01     9.946e-01     0.010    74304.9975    73927.5289
11        0.000     9.946e-01     9.946e-01     0.002    18602.5510    18545.8120

=== Logistic regression arousal classifier ===
Test accuracy: 0.833

Feature coefficients (positive => higher in high arousal):
HF_power    :  2.642
MF_power    :  0.931
LFplusMF_HF :  0.308
MF_HF       :  0.302
LF_HF       :  0.281
VLF_power   :  0.242
LF_power    :  0.230
VLF_LF      :  0.035

------ END hlt_stimulus_ncs1_s1-2_2000hz_1500ua_alpha_pupilMM_raw_20251022.log ------

