Loaded real pupil file: ../../analysis/data/raw/Files for Aous/hlt_stimulus_9r1b2_s9_9_5hz_1500ua_alpha_pupilMM_raw_20251031.csv
Stimulus condition inferred from filename: 5Hz
Estimated sampling rate: 98.595 Hz
Post-stimulus duration: 9.034 s (n=896 samples)
IMF  MeanFreq(Hz)  RelEnergy   Class
  1      25.200       0.001   noise
  2      11.565       0.001   noise
  3       1.445       0.084   physio
  4       0.581       0.235   physio
  5       0.236       0.679   physio
  6       0.011       1.000   baseline

Band powers
-----------
VLF          :  20.550758
LF           :   0.000000
MF           :   0.006517
HF           :   0.003056

Band ratios
-----------
LF_HF        :   0.000000
MF_HF        :   2.132274
VLF_LF       :        nan
LFplusMF_HF  :   2.132274


############ AROUSAL TRIAL SIMULATION ############

=== One-way ANOVA: low vs high arousal per feature ===
VLF_power     F =   0.020, p =  8.869e-01
LF_power      F =   6.723, p =  1.136e-02
MF_power      F =   0.001, p =  9.768e-01
HF_power      F =  23.663, p =  5.847e-06
LF_HF         F =   0.132, p =  7.173e-01
MF_HF         F =   4.116, p =  4.590e-02
VLF_LF        F =   8.038, p =  5.831e-03
LFplusMF_HF   F =   3.974, p =  4.970e-02

=== IMF-Level Arousal Effects (ANOVA + Effect Sizes + FDR) ===
IMF           F             p        q(FDR)         d      Mean Low     Mean High
1      4557.836     5.899e-71     6.489e-70   -15.096       17.5083       29.3487
2      1468.857     2.337e-52     1.285e-51    -8.570        6.3728       10.6545
3       621.551     6.656e-39     2.441e-38    -5.575        3.4793        5.7198
4       313.346     4.822e-29     1.326e-28    -3.958        1.9287        3.0751
5         0.248     6.201e-01     6.821e-01    -0.111        3.1538        3.4100
6        17.794     6.580e-05     1.448e-04    -0.943       32.4496       43.2638
7         0.984     3.242e-01     4.458e-01    -0.222      112.8931      116.4848
8         5.018     2.794e-02     5.121e-02    -0.501       14.3547       19.1415
9         0.998     3.208e-01     4.458e-01     0.223     2379.1120       29.6195
10        0.255     6.152e-01     6.821e-01    -0.113    72364.4965    76612.7449
11        0.082     7.754e-01     7.754e-01     0.064    18654.3280    16296.5558

=== Logistic regression arousal classifier ===
Test accuracy: 0.792

Feature coefficients (positive => higher in high arousal):
LF_power    :  1.059
HF_power    :  0.971
LF_HF       : -0.820
MF_power    :  0.481
VLF_LF      : -0.449
VLF_power   :  0.264
LFplusMF_HF : -0.148
MF_HF       : -0.013
