Loaded real pupil file: ../../analysis/data/raw/Files for Aous/hlt_012_d7_s1_t60_5hz_alpha_pupilMM_raw.csv
Stimulus condition inferred from filename: 5Hz
Estimated sampling rate: 117.689 Hz
Post-stimulus duration: 9.008 s (n=893 samples)
IMF  MeanFreq(Hz)  RelEnergy   Class
  1      35.448       0.000   noise
  2      17.383       0.000   noise
  3       5.844       0.000   noise
  4       0.364       0.594   physio
  5       0.191       0.405   physio
  6       0.001       0.995   baseline

Band powers
-----------
VLF          :   0.000000
LF           :   0.000000
MF           :   0.105770
HF           :   0.000000

Band ratios
-----------
LF_HF        :        nan
MF_HF        :        nan
VLF_LF       :        nan
LFplusMF_HF  :        nan


############ AROUSAL TRIAL SIMULATION ############

=== One-way ANOVA: low vs high arousal per feature ===
VLF_power     F =   0.012, p =  9.139e-01
LF_power      F =   0.670, p =  4.157e-01
MF_power      F =   1.479, p =  2.276e-01
HF_power      F = 106.918, p =  2.813e-16
LF_HF         F =   4.064, p =  4.726e-02
MF_HF         F =  25.193, p =  3.195e-06
VLF_LF        F =   1.524, p =  2.208e-01
LFplusMF_HF   F =  20.924, p =  1.772e-05

=== IMF-Level Arousal Effects (ANOVA + Effect Sizes + FDR) ===
IMF           F             p        q(FDR)         d      Mean Low     Mean High
1      5434.798     6.850e-74     7.535e-73   -16.485       20.7128       34.8584
2      1140.087     2.623e-48     1.442e-47    -7.550        7.5822       12.5937
3       548.243     5.027e-37     1.843e-36    -5.236        4.1118        6.8131
4       331.251     8.380e-30     2.305e-29    -4.070        2.3366        3.7944
5        20.604     2.022e-05     3.707e-05    -1.015        1.4493        2.5599
6       106.918     2.813e-16     6.188e-16    -2.312       24.4716       42.0143
7         0.046     8.305e-01     8.305e-01     0.048      143.7105      142.4504
8         0.567     4.537e-01     5.545e-01    -0.168       42.3428       46.8401
9         0.049     8.254e-01     8.305e-01     0.050       29.0418       27.9386
10        1.331     2.521e-01     3.552e-01     0.258    50119.1243    36088.0500
11        1.297     2.583e-01     3.552e-01    -0.255    61297.2018    75179.3647

=== Logistic regression arousal classifier ===
Test accuracy: 0.917

Feature coefficients (positive => higher in high arousal):
HF_power    :  2.045
MF_power    :  0.962
MF_HF       : -0.688
LFplusMF_HF : -0.534
VLF_power   : -0.346
VLF_LF      : -0.316
LF_HF       : -0.132
LF_power    : -0.077
