Loaded real pupil file: ../../analysis/data/raw/Files for Aous/hlt_011_d1_s1_t60_2000Hz_alpha_pupilMM_raw.csv
Stimulus condition inferred from filename: 2000Hz
Estimated sampling rate: 116.782 Hz
Post-stimulus duration: 8.990 s (n=893 samples)
IMF  MeanFreq(Hz)  RelEnergy   Class
  1      35.098       0.004   noise
  2      14.870       0.003   noise
  3       3.624       0.009   noise
  4       1.672       0.017   physio
  5       0.468       0.338   physio
  6       0.259       0.506   physio
  7       0.124       0.123   physio
  8       0.003       0.999   baseline

Band powers
-----------
VLF          :   0.000000
LF           :   0.003355
MF           :   0.013834
HF           :   0.009256

Band ratios
-----------
LF_HF        :   0.362471
MF_HF        :   1.494581
VLF_LF       :   0.000000
LFplusMF_HF  :   1.857053


############ AROUSAL TRIAL SIMULATION ############

=== One-way ANOVA: low vs high arousal per feature ===
VLF_power     F =   0.005, p =  9.453e-01
LF_power      F =   1.597, p =  2.101e-01
MF_power      F =   0.001, p =  9.726e-01
HF_power      F =  96.241, p =  2.924e-15
LF_HF         F =   1.862, p =  1.763e-01
MF_HF         F =  19.509, p =  3.186e-05
VLF_LF        F =   0.102, p =  7.504e-01
LFplusMF_HF   F =  22.257, p =  1.029e-05

=== IMF-Level Arousal Effects (ANOVA + Effect Sizes + FDR) ===
IMF           F             p        q(FDR)         d      Mean Low     Mean High
1      6107.031     7.701e-76     9.241e-75   -17.474       20.5126       34.6622
2      1506.722     9.093e-53     5.456e-52    -8.680        7.5402       12.3906
3       667.880     5.438e-40     2.175e-39    -5.779        4.0882        6.7300
4       289.187     5.834e-28     1.750e-27    -3.803        2.3146        3.8102
5        27.533     1.293e-06     2.586e-06    -1.173        1.4157        2.6505
6        68.045     3.098e-12     7.435e-12    -1.845       25.1016       42.1836
7         2.714     1.035e-01     1.552e-01     0.368      145.3393      138.0289
8         5.048     2.749e-02     4.712e-02    -0.502       35.0785       47.8320
9         1.058     3.069e-01     3.845e-01     0.230       27.1167       23.0380
10        0.239     6.264e-01     6.834e-01     0.109    41482.9345    35678.1628
11        0.042     8.374e-01     8.374e-01    -0.046    69236.1586    71713.4770
12        1.000     3.204e-01     3.845e-01    -0.224        0.0000     2736.9071

=== Logistic regression arousal classifier ===
Test accuracy: 1.000

Feature coefficients (positive => higher in high arousal):
HF_power    :  2.523
MF_power    :  1.281
LF_power    :  0.679
LF_HF       : -0.218
LFplusMF_HF : -0.086
MF_HF       : -0.045
VLF_LF      :  0.034
VLF_power   :  0.007
